<html>
<head>
<title>TestNG:  Google featue</title>
<link href="../testng.css" rel="stylesheet" type="text/css" />
<link href="../my-testng.css" rel="stylesheet" type="text/css" />

<style type="text/css">
.log { display: none;} 
.stack-trace { display: none;} 
</style>
<script type="text/javascript">
<!--
function flip(e) {
  current = e.style.display;
  if (current == 'block') {
    e.style.display = 'none';
    return 0;
  }
  else {
    e.style.display = 'block';
    return 1;
  }
}

function toggleBox(szDivId, elem, msg1, msg2)
{
  var res = -1;  if (document.getElementById) {
    res = flip(document.getElementById(szDivId));
  }
  else if (document.all) {
    // this is the way old msie versions work
    res = flip(document.all[szDivId]);
  }
  if(elem) {
    if(res == 0) elem.innerHTML = msg1; else elem.innerHTML = msg2;
  }

}

function toggleAllBoxes() {
  if (document.getElementsByTagName) {
    d = document.getElementsByTagName('div');
    for (i = 0; i < d.length; i++) {
      if (d[i].className == 'log') {
        flip(d[i]);
      }
    }
  }
}

// -->
</script>

</head>
<body>
<h2 align='center'>Google featue</h2><table border='1' align="center">
<tr>
<td>Tests passed/Failed/Skipped:</td><td>22/3/1</td>
</tr><tr>
<td>Started on:</td><td>Sun Oct 29 14:51:15 IST 2023</td>
</tr>
<tr><td>Total time:</td><td>201 seconds (201044 ms)</td>
</tr><tr>
<td>Included groups:</td><td></td>
</tr><tr>
<td>Excluded groups:</td><td></td>
</tr>
</table><p/>
<small><i>(Hover the method name to see the test class name)</i></small><p/>
<table width='100%' border='1' class='invocation-failed'>
<tr><td colspan='4' align='center'><b>FAILED TESTS</b></td></tr>
<tr><td><b>Test method</b></td>
<td><b>Attribute(s)</b></td>
<td width="30%"><b>Exception</b></td>
<td width="10%"><b>Time (seconds)</b></td>
<td><b>Instance</b></td>
</tr>
<tr>
<td title='com.test.ExceptionTimeoutTest.infinitlooptest()'><b>infinitlooptest</b><br>Test class: com.test.ExceptionTimeoutTest</td>
<td><div><pre>org.testng.internal.thread.ThreadTimeoutException: Method com.test.ExceptionTimeoutTest.infinitlooptest() didn&apos;t finish within the time-out 2000
	at java.base@17.0.4.1/java.io.FileOutputStream.writeBytes(Native Method)
	at java.base@17.0.4.1/java.io.FileOutputStream.write(FileOutputStream.java:349)
	at java.base@17.0.4.1/java.io.BufferedOutputStream.flushBuffer(BufferedOutputStream.java:81)
	at java.base@17.0.4.1/java.io.BufferedOutputStream.flush(BufferedOutputStream.java:142)
	at java.base@17.0.4.1/java.io.PrintStream.write(PrintStream.java:570)
	at java.base@17.0.4.1/sun.nio.cs.StreamEncoder.writeBytes(StreamEncoder.java:234)
	at java.base@17.0.4.1/sun.nio.cs.StreamEncoder.implFlushBuffer(StreamEncoder.java:313)
	at java.base@17.0.4.1/sun.nio.cs.StreamEncoder.flushBuffer(StreamEncoder.java:111)
	at java.base@17.0.4.1/java.io.OutputStreamWriter.flushBuffer(OutputStreamWriter.java:178)
	at java.base@17.0.4.1/java.io.PrintStream.writeln(PrintStream.java:723)
	at java.base@17.0.4.1/java.io.PrintStream.println(PrintStream.java:938)
	at app//com.test.ExceptionTimeoutTest.infinitlooptest(ExceptionTimeoutTest.java:13)
	at java.base@17.0.4.1/java.util.concurrent.FutureTask.run(FutureTask.java:264)
	at java.base@17.0.4.1/java.util.concurrent.ThreadPoolExecutor.runWorker(ThreadPoolExecutor.java:1136)
	at java.base@17.0.4.1/java.util.concurrent.ThreadPoolExecutor$Worker.run(ThreadPoolExecutor.java:635)
	at java.base@17.0.4.1/java.lang.Thread.run(Thread.java:833)
... Removed 8 stack frames</pre></div><a href='#' onClick='toggleBox("stack-trace1670313965", this, "Click to show all stack frames", "Click to hide stack frames")'>Click to show all stack frames</a>
<div class='stack-trace' id='stack-trace1670313965'><pre>org.testng.internal.thread.ThreadTimeoutException: Method com.test.ExceptionTimeoutTest.infinitlooptest() didn&apos;t finish within the time-out 2000
	at java.base@17.0.4.1/java.io.FileOutputStream.writeBytes(Native Method)
	at java.base@17.0.4.1/java.io.FileOutputStream.write(FileOutputStream.java:349)
	at java.base@17.0.4.1/java.io.BufferedOutputStream.flushBuffer(BufferedOutputStream.java:81)
	at java.base@17.0.4.1/java.io.BufferedOutputStream.flush(BufferedOutputStream.java:142)
	at java.base@17.0.4.1/java.io.PrintStream.write(PrintStream.java:570)
	at java.base@17.0.4.1/sun.nio.cs.StreamEncoder.writeBytes(StreamEncoder.java:234)
	at java.base@17.0.4.1/sun.nio.cs.StreamEncoder.implFlushBuffer(StreamEncoder.java:313)
	at java.base@17.0.4.1/sun.nio.cs.StreamEncoder.flushBuffer(StreamEncoder.java:111)
	at java.base@17.0.4.1/java.io.OutputStreamWriter.flushBuffer(OutputStreamWriter.java:178)
	at java.base@17.0.4.1/java.io.PrintStream.writeln(PrintStream.java:723)
	at java.base@17.0.4.1/java.io.PrintStream.println(PrintStream.java:938)
	at app//com.test.ExceptionTimeoutTest.infinitlooptest(ExceptionTimeoutTest.java:13)
	at java.base@17.0.4.1/jdk.internal.reflect.NativeMethodAccessorImpl.invoke0(Native Method)
	at java.base@17.0.4.1/jdk.internal.reflect.NativeMethodAccessorImpl.invoke(NativeMethodAccessorImpl.java:77)
	at java.base@17.0.4.1/jdk.internal.reflect.DelegatingMethodAccessorImpl.invoke(DelegatingMethodAccessorImpl.java:43)
	at java.base@17.0.4.1/java.lang.reflect.Method.invoke(Method.java:568)
	at app//org.testng.internal.invokers.MethodInvocationHelper.invokeMethod(MethodInvocationHelper.java:139)
	at app//org.testng.internal.invokers.InvokeMethodRunnable.runOne(InvokeMethodRunnable.java:47)
	at app//org.testng.internal.invokers.InvokeMethodRunnable.call(InvokeMethodRunnable.java:76)
	at app//org.testng.internal.invokers.InvokeMethodRunnable.call(InvokeMethodRunnable.java:11)
	at java.base@17.0.4.1/java.util.concurrent.FutureTask.run(FutureTask.java:264)
	at java.base@17.0.4.1/java.util.concurrent.ThreadPoolExecutor.runWorker(ThreadPoolExecutor.java:1136)
	at java.base@17.0.4.1/java.util.concurrent.ThreadPoolExecutor$Worker.run(ThreadPoolExecutor.java:635)
	at java.base@17.0.4.1/java.lang.Thread.run(Thread.java:833)
</pre></div></td>
<td>2</td>
<td>com.test.ExceptionTimeoutTest@4145bad8</td></tr>
<tr>
<td title='com.test.ExceptionTimeoutTest.time1()'><b>time1</b><br>Test class: com.test.ExceptionTimeoutTest</td>
<td><div><pre>org.testng.TestException: 
Method ExceptionTimeoutTest.time1()[pri:0, instance:com.test.ExceptionTimeoutTest@4145bad8] should have thrown an exception of type class java.lang.NumberFormatException
	at java.base/java.util.ArrayList.forEach(ArrayList.java:1511)
... Removed 24 stack frames</pre></div><a href='#' onClick='toggleBox("stack-trace777457133", this, "Click to show all stack frames", "Click to hide stack frames")'>Click to show all stack frames</a>
<div class='stack-trace' id='stack-trace777457133'><pre>org.testng.TestException: 
Method ExceptionTimeoutTest.time1()[pri:0, instance:com.test.ExceptionTimeoutTest@4145bad8] should have thrown an exception of type class java.lang.NumberFormatException
	at org.testng.internal.invokers.ExpectedExceptionsHolder.noException(ExpectedExceptionsHolder.java:81)
	at org.testng.internal.invokers.TestInvoker.considerExceptions(TestInvoker.java:860)
	at org.testng.internal.invokers.TestInvoker.invokeMethod(TestInvoker.java:718)
	at org.testng.internal.invokers.TestInvoker.invokeTestMethod(TestInvoker.java:227)
	at org.testng.internal.invokers.MethodRunner.runInSequence(MethodRunner.java:50)
	at org.testng.internal.invokers.TestInvoker$MethodInvocationAgent.invoke(TestInvoker.java:957)
	at org.testng.internal.invokers.TestInvoker.invokeTestMethods(TestInvoker.java:200)
	at org.testng.internal.invokers.TestMethodWorker.invokeTestMethods(TestMethodWorker.java:148)
	at org.testng.internal.invokers.TestMethodWorker.run(TestMethodWorker.java:128)
	at java.base/java.util.ArrayList.forEach(ArrayList.java:1511)
	at org.testng.TestRunner.privateRun(TestRunner.java:848)
	at org.testng.TestRunner.run(TestRunner.java:621)
	at org.testng.SuiteRunner.runTest(SuiteRunner.java:443)
	at org.testng.SuiteRunner.runSequentially(SuiteRunner.java:437)
	at org.testng.SuiteRunner.privateRun(SuiteRunner.java:397)
	at org.testng.SuiteRunner.run(SuiteRunner.java:336)
	at org.testng.SuiteRunnerWorker.runSuite(SuiteRunnerWorker.java:52)
	at org.testng.SuiteRunnerWorker.run(SuiteRunnerWorker.java:95)
	at org.testng.TestNG.runSuitesSequentially(TestNG.java:1280)
	at org.testng.TestNG.runSuitesLocally(TestNG.java:1200)
	at org.testng.TestNG.runSuites(TestNG.java:1114)
	at org.testng.TestNG.run(TestNG.java:1082)
	at org.testng.remote.AbstractRemoteTestNG.run(AbstractRemoteTestNG.java:115)
	at org.testng.remote.RemoteTestNG.initAndRun(RemoteTestNG.java:251)
	at org.testng.remote.RemoteTestNG.main(RemoteTestNG.java:77)
</pre></div></td>
<td>0</td>
<td>com.test.ExceptionTimeoutTest@4145bad8</td></tr>
<tr>
<td title='com.test.TestNGfeature.logintest()'><b>logintest</b><br>Test class: com.test.TestNGfeature</td>
<td><div><pre>java.lang.ArithmeticException: / by zero
	at com.test.TestNGfeature.logintest(TestNGfeature.java:12)
	at java.base/java.util.ArrayList.forEach(ArrayList.java:1511)
... Removed 27 stack frames</pre></div><a href='#' onClick='toggleBox("stack-trace1373051324", this, "Click to show all stack frames", "Click to hide stack frames")'>Click to show all stack frames</a>
<div class='stack-trace' id='stack-trace1373051324'><pre>java.lang.ArithmeticException: / by zero
	at com.test.TestNGfeature.logintest(TestNGfeature.java:12)
	at java.base/jdk.internal.reflect.NativeMethodAccessorImpl.invoke0(Native Method)
	at java.base/jdk.internal.reflect.NativeMethodAccessorImpl.invoke(NativeMethodAccessorImpl.java:77)
	at java.base/jdk.internal.reflect.DelegatingMethodAccessorImpl.invoke(DelegatingMethodAccessorImpl.java:43)
	at java.base/java.lang.reflect.Method.invoke(Method.java:568)
	at org.testng.internal.invokers.MethodInvocationHelper.invokeMethod(MethodInvocationHelper.java:139)
	at org.testng.internal.invokers.TestInvoker.invokeMethod(TestInvoker.java:664)
	at org.testng.internal.invokers.TestInvoker.invokeTestMethod(TestInvoker.java:227)
	at org.testng.internal.invokers.MethodRunner.runInSequence(MethodRunner.java:50)
	at org.testng.internal.invokers.TestInvoker$MethodInvocationAgent.invoke(TestInvoker.java:957)
	at org.testng.internal.invokers.TestInvoker.invokeTestMethods(TestInvoker.java:200)
	at org.testng.internal.invokers.TestMethodWorker.invokeTestMethods(TestMethodWorker.java:148)
	at org.testng.internal.invokers.TestMethodWorker.run(TestMethodWorker.java:128)
	at java.base/java.util.ArrayList.forEach(ArrayList.java:1511)
	at org.testng.TestRunner.privateRun(TestRunner.java:848)
	at org.testng.TestRunner.run(TestRunner.java:621)
	at org.testng.SuiteRunner.runTest(SuiteRunner.java:443)
	at org.testng.SuiteRunner.runSequentially(SuiteRunner.java:437)
	at org.testng.SuiteRunner.privateRun(SuiteRunner.java:397)
	at org.testng.SuiteRunner.run(SuiteRunner.java:336)
	at org.testng.SuiteRunnerWorker.runSuite(SuiteRunnerWorker.java:52)
	at org.testng.SuiteRunnerWorker.run(SuiteRunnerWorker.java:95)
	at org.testng.TestNG.runSuitesSequentially(TestNG.java:1280)
	at org.testng.TestNG.runSuitesLocally(TestNG.java:1200)
	at org.testng.TestNG.runSuites(TestNG.java:1114)
	at org.testng.TestNG.run(TestNG.java:1082)
	at org.testng.remote.AbstractRemoteTestNG.run(AbstractRemoteTestNG.java:115)
	at org.testng.remote.RemoteTestNG.initAndRun(RemoteTestNG.java:251)
	at org.testng.remote.RemoteTestNG.main(RemoteTestNG.java:77)
</pre></div></td>
<td>0</td>
<td>com.test.TestNGfeature@7bba5817</td></tr>
</table><p>
<table width='100%' border='1' class='invocation-passed'>
<tr><td colspan='4' align='center'><b>PASSED TESTS</b></td></tr>
<tr><td><b>Test method</b></td>
<td><b>Attribute(s)</b></td>
<td width="30%"><b>Exception</b></td>
<td width="10%"><b>Time (seconds)</b></td>
<td><b>Instance</b></td>
</tr>
<tr>
<td title='com.test.ExceptionTimeoutTest.time()'><b>time</b><br>Test class: com.test.ExceptionTimeoutTest</td>
<td><div><pre>java.lang.ArithmeticException: / by zero
	at com.test.ExceptionTimeoutTest.time(ExceptionTimeoutTest.java:19)
	at java.base/java.util.ArrayList.forEach(ArrayList.java:1511)
... Removed 27 stack frames</pre></div><a href='#' onClick='toggleBox("stack-trace1281025083", this, "Click to show all stack frames", "Click to hide stack frames")'>Click to show all stack frames</a>
<div class='stack-trace' id='stack-trace1281025083'><pre>java.lang.ArithmeticException: / by zero
	at com.test.ExceptionTimeoutTest.time(ExceptionTimeoutTest.java:19)
	at java.base/jdk.internal.reflect.NativeMethodAccessorImpl.invoke0(Native Method)
	at java.base/jdk.internal.reflect.NativeMethodAccessorImpl.invoke(NativeMethodAccessorImpl.java:77)
	at java.base/jdk.internal.reflect.DelegatingMethodAccessorImpl.invoke(DelegatingMethodAccessorImpl.java:43)
	at java.base/java.lang.reflect.Method.invoke(Method.java:568)
	at org.testng.internal.invokers.MethodInvocationHelper.invokeMethod(MethodInvocationHelper.java:139)
	at org.testng.internal.invokers.TestInvoker.invokeMethod(TestInvoker.java:664)
	at org.testng.internal.invokers.TestInvoker.invokeTestMethod(TestInvoker.java:227)
	at org.testng.internal.invokers.MethodRunner.runInSequence(MethodRunner.java:50)
	at org.testng.internal.invokers.TestInvoker$MethodInvocationAgent.invoke(TestInvoker.java:957)
	at org.testng.internal.invokers.TestInvoker.invokeTestMethods(TestInvoker.java:200)
	at org.testng.internal.invokers.TestMethodWorker.invokeTestMethods(TestMethodWorker.java:148)
	at org.testng.internal.invokers.TestMethodWorker.run(TestMethodWorker.java:128)
	at java.base/java.util.ArrayList.forEach(ArrayList.java:1511)
	at org.testng.TestRunner.privateRun(TestRunner.java:848)
	at org.testng.TestRunner.run(TestRunner.java:621)
	at org.testng.SuiteRunner.runTest(SuiteRunner.java:443)
	at org.testng.SuiteRunner.runSequentially(SuiteRunner.java:437)
	at org.testng.SuiteRunner.privateRun(SuiteRunner.java:397)
	at org.testng.SuiteRunner.run(SuiteRunner.java:336)
	at org.testng.SuiteRunnerWorker.runSuite(SuiteRunnerWorker.java:52)
	at org.testng.SuiteRunnerWorker.run(SuiteRunnerWorker.java:95)
	at org.testng.TestNG.runSuitesSequentially(TestNG.java:1280)
	at org.testng.TestNG.runSuitesLocally(TestNG.java:1200)
	at org.testng.TestNG.runSuites(TestNG.java:1114)
	at org.testng.TestNG.run(TestNG.java:1082)
	at org.testng.remote.AbstractRemoteTestNG.run(AbstractRemoteTestNG.java:115)
	at org.testng.remote.RemoteTestNG.initAndRun(RemoteTestNG.java:251)
	at org.testng.remote.RemoteTestNG.main(RemoteTestNG.java:77)
</pre></div></td>
<td>0</td>
<td>com.test.ExceptionTimeoutTest@4145bad8</td></tr>
<tr>
<td title='com.test.InvocationCount.sum()'><b>sum</b><br>Test class: com.test.InvocationCount</td>
<td></td>
<td>0</td>
<td>com.test.InvocationCount@6bbe85a8</td></tr>
<tr>
<td title='com.test.InvocationCount.sum()'><b>sum</b><br>Test class: com.test.InvocationCount</td>
<td></td>
<td>0</td>
<td>com.test.InvocationCount@6bbe85a8</td></tr>
<tr>
<td title='com.test.InvocationCount.sum()'><b>sum</b><br>Test class: com.test.InvocationCount</td>
<td></td>
<td>0</td>
<td>com.test.InvocationCount@6bbe85a8</td></tr>
<tr>
<td title='com.test.InvocationCount.sum()'><b>sum</b><br>Test class: com.test.InvocationCount</td>
<td></td>
<td>0</td>
<td>com.test.InvocationCount@6bbe85a8</td></tr>
<tr>
<td title='com.test.Googletest.t1()'><b>t1</b><br>Test class: com.test.Googletest</td>
<td></td>
<td>0</td>
<td>com.test.Googletest@53fe15ff</td></tr>
<tr>
<td title='com.test.InvocationCount.sum()'><b>sum</b><br>Test class: com.test.InvocationCount</td>
<td></td>
<td>0</td>
<td>com.test.InvocationCount@6bbe85a8</td></tr>
<tr>
<td title='com.test.InvocationCount.sum()'><b>sum</b><br>Test class: com.test.InvocationCount</td>
<td></td>
<td>0</td>
<td>com.test.InvocationCount@6bbe85a8</td></tr>
<tr>
<td title='com.test.Googletest.tt2()'><b>tt2</b><br>Test class: com.test.Googletest</td>
<td></td>
<td>0</td>
<td>com.test.Googletest@53fe15ff</td></tr>
<tr>
<td title='com.test.Googletest.verifytitle()'><b>verifytitle</b><br>Test class: com.test.Googletest</td>
<td></td>
<td>2</td>
<td>com.test.Googletest@53fe15ff</td></tr>
<tr>
<td title='com.test.InvocationCount.sum()'><b>sum</b><br>Test class: com.test.InvocationCount</td>
<td></td>
<td>0</td>
<td>com.test.InvocationCount@6bbe85a8</td></tr>
<tr>
<td title='com.test.Googletest.verifysignbutton()'><b>verifysignbutton</b><br>Test class: com.test.Googletest</td>
<td></td>
<td>0</td>
<td>com.test.Googletest@53fe15ff</td></tr>
<tr>
<td title='com.test.TestNGbasic.testmethod1()'><b>testmethod1</b><br>Test class: com.test.TestNGbasic</td>
<td></td>
<td>0</td>
<td>com.test.TestNGbasic@cb0755b</td></tr>
<tr>
<td title='com.test.TestNGbasic.testmethod2()'><b>testmethod2</b><br>Test class: com.test.TestNGbasic</td>
<td></td>
<td>0</td>
<td>com.test.TestNGbasic@cb0755b</td></tr>
<tr>
<td title='com.test.Googletest.te3()'><b>te3</b><br>Test class: com.test.Googletest</td>
<td></td>
<td>0</td>
<td>com.test.Googletest@53fe15ff</td></tr>
<tr>
<td title='com.test.Googletest.verifylogo()'><b>verifylogo</b><br>Test class: com.test.Googletest</td>
<td></td>
<td>0</td>
<td>com.test.Googletest@53fe15ff</td></tr>
<tr>
<td title='com.test.GoogletitileTest.verifytitle()'><b>verifytitle</b><br>Test class: com.test.GoogletitileTest</td>
<td></td>
<td>0</td>
<td>com.test.GoogletitileTest@5149d738</td></tr>
<tr>
<td title='com.test.TestNGbasic.testmethod3()'><b>testmethod3</b><br>Test class: com.test.TestNGbasic</td>
<td></td>
<td>0</td>
<td>com.test.TestNGbasic@cb0755b</td></tr>
<tr>
<td title='com.test.InvocationCount.sum()'><b>sum</b><br>Test class: com.test.InvocationCount</td>
<td></td>
<td>0</td>
<td>com.test.InvocationCount@6bbe85a8</td></tr>
<tr>
<td title='com.test.GoogletitileTest.verifylogo()'><b>verifylogo</b><br>Test class: com.test.GoogletitileTest</td>
<td></td>
<td>0</td>
<td>com.test.GoogletitileTest@5149d738</td></tr>
<tr>
<td title='com.test.InvocationCount.sum()'><b>sum</b><br>Test class: com.test.InvocationCount</td>
<td></td>
<td>0</td>
<td>com.test.InvocationCount@6bbe85a8</td></tr>
<tr>
<td title='com.test.InvocationCount.sum()'><b>sum</b><br>Test class: com.test.InvocationCount</td>
<td></td>
<td>0</td>
<td>com.test.InvocationCount@6bbe85a8</td></tr>
</table><p>
<table width='100%' border='1' class='invocation-skipped'>
<tr><td colspan='4' align='center'><b>SKIPPED TESTS</b></td></tr>
<tr><td><b>Test method</b></td>
<td><b>Attribute(s)</b></td>
<td width="30%"><b>Exception</b></td>
<td width="10%"><b>Time (seconds)</b></td>
<td><b>Instance</b></td>
</tr>
<tr>
<td title='com.test.TestNGfeature.hometest()'><b>hometest</b><br>Test class: com.test.TestNGfeature</td>
<td><div><pre>java.lang.Throwable: Method com.test.TestNGfeature.hometest() on instance com.test.TestNGfeature@7bba5817 depends on not successfully finished methods 
[com.test.TestNGfeature.logintest() on instance com.test.TestNGfeature@7bba5817]
	at java.base/java.util.ArrayList.forEach(ArrayList.java:1511)
... Removed 18 stack frames</pre></div><a href='#' onClick='toggleBox("stack-trace2017980204", this, "Click to show all stack frames", "Click to hide stack frames")'>Click to show all stack frames</a>
<div class='stack-trace' id='stack-trace2017980204'><pre>java.lang.Throwable: Method com.test.TestNGfeature.hometest() on instance com.test.TestNGfeature@7bba5817 depends on not successfully finished methods 
[com.test.TestNGfeature.logintest() on instance com.test.TestNGfeature@7bba5817]
	at org.testng.internal.invokers.TestInvoker.invokeTestMethods(TestInvoker.java:156)
	at org.testng.internal.invokers.TestMethodWorker.invokeTestMethods(TestMethodWorker.java:148)
	at org.testng.internal.invokers.TestMethodWorker.run(TestMethodWorker.java:128)
	at java.base/java.util.ArrayList.forEach(ArrayList.java:1511)
	at org.testng.TestRunner.privateRun(TestRunner.java:848)
	at org.testng.TestRunner.run(TestRunner.java:621)
	at org.testng.SuiteRunner.runTest(SuiteRunner.java:443)
	at org.testng.SuiteRunner.runSequentially(SuiteRunner.java:437)
	at org.testng.SuiteRunner.privateRun(SuiteRunner.java:397)
	at org.testng.SuiteRunner.run(SuiteRunner.java:336)
	at org.testng.SuiteRunnerWorker.runSuite(SuiteRunnerWorker.java:52)
	at org.testng.SuiteRunnerWorker.run(SuiteRunnerWorker.java:95)
	at org.testng.TestNG.runSuitesSequentially(TestNG.java:1280)
	at org.testng.TestNG.runSuitesLocally(TestNG.java:1200)
	at org.testng.TestNG.runSuites(TestNG.java:1114)
	at org.testng.TestNG.run(TestNG.java:1082)
	at org.testng.remote.AbstractRemoteTestNG.run(AbstractRemoteTestNG.java:115)
	at org.testng.remote.RemoteTestNG.initAndRun(RemoteTestNG.java:251)
	at org.testng.remote.RemoteTestNG.main(RemoteTestNG.java:77)
</pre></div></td>
<td>0</td>
<td>com.test.TestNGfeature@7bba5817</td></tr>
</table><p>
</body>
</html>